# GNU Make 4.3
 
# Built for x86_64-pc-linux-gnu
 
# Copyright (C) 1988-2020 Free Software Foundation, Inc.
 
# License GPLv3+: GNU GPL version 3 or later <http://gnu.org/licenses/gpl.html>
 
# This is free software: you are free to change and redistribute it.
 
# There is NO WARRANTY, to the extent permitted by law.
 

 
# Make data base, printed on Sat May 14 07:30:50 2022
 

# Variables
 

 
# environment
 
GDK_BACKEND = x11
 
# environment
 
LC_ALL = C
 
# environment
 
NO_AT_BRIDGE = 1
 
# environment
 
GTK_RC_FILES = /etc/gtk/gtkrc:/home/pointer-to-bios/.gtkrc:/home/pointer-to-bios/.config/gtkrc
 
# environment
 
VSCODE_IPC_HOOK_EXTHOST = /run/user/1000/vscode-ipc-29e8ec67-2567-45d1-844f-59c10f16c3b9.sock
 
# environment
 
LC_NAME = zh_CN.UTF-8
 
# environment
 
LC_NUMERIC = zh_CN.UTF-8
 
# environment
 
VSCODE_CWD = /home/pointer-to-bios
 
# environment
LC_ADDRESS = zh_CN.UTF-8
# default
MAKE_COMMAND := make
# environment
 
GTK3_MODULES = xapp-gtk3-module
 
# automatic
 
@D = $(patsubst %/,%,$(dir $@))
 
# environment
VSCODE_HANDLES_UNCAUGHT_ERRORS = true
# default
.VARIABLES := 
# environment
PWD = /home/pointer-to-bios/Random World Studio/Projects/RLang
# automatic
%D = $(patsubst %/,%,$(dir $%))
# environment
MAIL = /var/spool/mail/pointer-to-bios
# environment
XDG_DATA_DIRS = /home/pointer-to-bios/.local/share/flatpak/exports/share:/var/lib/flatpak/exports/share:/usr/local/share:/usr/share:/var/lib/snapd/desktop
# automatic
^D = $(patsubst %/,%,$(dir $^))
# environment
VSCODE_LOG_STACK = false
# automatic
%F = $(notdir $%)
# environment
VSCODE_CODE_CACHE_PATH = /home/pointer-to-bios/.config/Code/CachedData/57fd6d0195bb9b9d1b49f6da5db789060795de47
# environment
XDG_SESSION_PATH = /org/freedesktop/DisplayManager/Session1
# environment
LANG = C
# environment
XAUTHORITY = /home/pointer-to-bios/.Xauthority
# default
.LOADED := 
 
# default
.INCLUDE_DIRS = /usr/include /usr/local/include /usr/include
# makefile
MAKEFLAGS = pqrR
# makefile
CURDIR := /home/pointer-to-bios/Random World Studio/Projects/RLang
# environment
VSCODE_PIPE_LOGGING = true
# environment
APPLICATION_INSIGHTS_NO_DIAGNOSTIC_CHANNEL = true
# automatic
*D = $(patsubst %/,%,$(dir $*))
# environment
PAM_KWALLET5_LOGIN = /run/user/1000/kwallet5.socket
# environment
MFLAGS = -pqrR
# default
.SHELLFLAGS := -c
# environment
QT_LINUX_ACCESSIBILITY_ALWAYS_ON = 1
# environment
XDG_CONFIG_DIRS = /home/pointer-to-bios/.config/kdedefaults:/etc/xdg
# automatic
+D = $(patsubst %/,%,$(dir $+))
# environment
XCURSOR_THEME = breeze_cursors
# environment
XDG_SESSION_DESKTOP = KDE
# makefile (from 'Makefile', line 1)
MAKEFILE_LIST := Makefile
# automatic
@F = $(notdir $@)
# environment
VSCODE_VERBOSE_LOGGING = true
# environment
VSCODE_PID = 120561
# environment
XDG_SESSION_TYPE = x11
# automatic
?D = $(patsubst %/,%,$(dir $?))
# environment
INPUT_METHOD = fcitx
# environment
SESSION_MANAGER = local/RandomWorldStudio:@/tmp/.ICE-unix/749,unix/RandomWorldStudio:/tmp/.ICE-unix/749
 
# automatic
*F = $(notdir $*)
# environment
CHROME_DESKTOP = code-url-handler.desktop
# environment
DBUS_SESSION_BUS_ADDRESS = unix:path=/run/user/1000/bus
# automatic
<D = $(patsubst %/,%,$(dir $<))
# environment
VSCODE_NLS_CONFIG = {"locale":"zh-cn","availableLanguages":{"*":"zh-cn"},"_languagePackId":"42e84e0914b17800d483f69e299e1b00.zh-cn","_translationsConfigFile":"/home/pointer-to-bios/.config/Code/clp/42e84e0914b17800d483f69e299e1b00.zh-cn/tcf.json","_cacheRoot":"/home/pointer-to-bios/.config/Code/clp/42e84e0914b17800d483f69e299e1b00.zh-cn","_resolvedLanguagePackCoreLocation":"/home/pointer-to-bios/.config/Code/clp/42e84e0914b17800d483f69e299e1b00.zh-cn/57fd6d0195bb9b9d1b49f6da5db789060795de47","_corruptedFile":"/home/pointer-to-bios/.config/Code/clp/42e84e0914b17800d483f69e299e1b00.zh-cn/corrupted.info","_languagePackSupport":true}
# default
MAKE_HOST := x86_64-pc-linux-gnu
# environment
SDL_IM_MODULE = fcitx
# makefile
SHELL = /bin/sh
# default
MAKECMDGOALS := all
# environment
XMODIFIERS = @im=fcitx
# environment
SHLVL = 0
# environment
MAKELEVEL := 0
# default
MAKE = $(MAKE_COMMAND)
# environment
PATH = /home/pointer-to-bios/.local/bin:/home/pointer-to-bios/.local/bin:/usr/local/sbin:/usr/local/bin:/usr/bin:/var/lib/flatpak/exports/bin:/usr/lib/jvm/default/bin:/usr/bin/site_perl:/usr/bin/vendor_perl:/usr/bin/core_perl:/var/lib/snapd/snap/bin:/usr/lib/jvm/default/bin
# default
MAKEFILES := 
# environment
LANGUAGE = 
# environment
LC_MONETARY = zh_CN.UTF-8
# environment
 
MOTD_SHOWN = pam
# automatic
^F = $(notdir $^)
# environment
LC_TIME = zh_CN.UTF-8
# environment
VSCODE_LOG_NATIVE = false
# environment
LC_TELEPHONE = zh_CN.UTF-8
# automatic
?F = $(notdir $?)
# environment
KDE_APPLICATIONS_AS_SCOPE = 1
# environment
XDG_SEAT = seat0
# environment
GTK_IM_MODULE = fcitx
# environment
XDG_CURRENT_DESKTOP = KDE
# environment
LS_COLORS = 
# automatic
+F = $(notdir $+)
# environment
XDG_SEAT_PATH = /org/freedesktop/DisplayManager/Seat0
# environment
DESKTOP_SESSION = plasma
# environment
ORIGINAL_XDG_CURRENT_DESKTOP = KDE
# 'override' directive
GNUMAKEFLAGS := 
# environment
QT_SCREEN_SCALE_FACTORS = eDP-1=1;DP-1=1;HDMI-1=1;HDMI-2=1;
# environment
LOGNAME = pointer-to-bios
# environment
XDG_VTNR = 1
# makefile
.DEFAULT_GOAL := all
# environment
SYSTEMD_EXEC_PID = 621
# environment
DISPLAY = :0
# environment
GTK_MODULES = canberra-gtk-module
# environment
USER = pointer-to-bios
# default
MAKE_VERSION := 4.3
# environment
KDE_SESSION_UID = 1000
# environment
LC_MEASUREMENT = zh_CN.UTF-8
# environment
_ = /usr/bin/make
# environment
LC_PAPER = zh_CN.UTF-8
# environment
XDG_RUNTIME_DIR = /run/user/1000
# environment
XDG_SESSION_CLASS = user
# environment
VSCODE_AMD_ENTRYPOINT = vs/workbench/api/node/extensionHostProcess
# environment
GTK2_RC_FILES = /etc/gtk-2.0/gtkrc:/home/pointer-to-bios/.gtkrc-2.0:/home/pointer-to-bios/.config/gtkrc-2.0
# environment
 
HOME = /home/pointer-to-bios
# environment
QT_IM_MODULE = fcitx
# environment
ELECTRON_RUN_AS_NODE = 1
# environment
VSCODE_IPC_HOOK = /run/user/1000/vscode-13831222-1.67.0-main.sock
# environment
XDG_SESSION_ID = 2
# environment
XCURSOR_SIZE = 24
# default
.RECIPEPREFIX := 
# automatic
<F = $(notdir $<)
# default
SUFFIXES := 
# environment
QT_AUTO_SCREEN_SCALE_FACTOR = 0
# environment
KDE_SESSION_VERSION = 5
# default
.FEATURES := target-specific order-only second-expansion else-if shortest-stem undefine oneshell nocomment grouped-target extra-prereqs archives jobserver output-sync check-symlink guile load
# environment
KDE_FULL_SESSION = true
# environment
LC_IDENTIFICATION = zh_CN.UTF-8
# variable set hash-table stats:
 
# Load=112/1024=11%, Rehash=0, Collisions=5/142=4%

# Pattern-specific Variable Values

# No pattern-specific variable values.

# Directories

# . (device 66307, inode 7868227): 9 files, no impossibilities.

 
# 9 files, no impossibilities in 1 directories.

# Implicit Rules

# No implicit rules.

# Files
 

# Not a target:
Makefile:
#  Implicit rule search has been done.
#  Last modified 2022-05-14 07:30:42.745157983
#  File has been updated.
#  Successfully updated.

# Not a target:
.DEFAULT:
 
#  Implicit rule search has not been done.
#  Modification time never checked.
#  File has not been updated.

all:
#  Command line target.
#  Implicit rule search has not been done.
#  Last modified 2514-05-30 09:53:03.107374182
#  File has been updated.
#  Successfully updated.
#  recipe to execute (from 'Makefile', line 2):
	

# files hash-table stats:
# Load=4/1024=0%, Rehash=0, Collisions=0/15=0%
# VPATH Search Paths

# No 'vpath' search paths.

# No general ('VPATH' variable) search path.

# strcache buffers: 1 (0) / strings = 14 / storage = 109 B / avg = 7 B
# current buf: size = 8162 B / used = 109 B / count = 14 / avg = 7 B

# strcache performance: lookups = 20 / hit rate = 30%
# hash-table stats:
# Load=14/8192=0%, Rehash=0, Collisions=0/20=0%
# Finished Make data base on Sat May 14 07:30:50 2022
 

 
